<?xml version="1.0" encoding="UTF-8"?>
<!-- Generated by org.testng.reporters.JUnitReportReporter -->
<testsuite hostname="DESKTOP-75OHRJU" failures="0" tests="3" name="files.DynamicJson" time="3.359" errors="0" timestamp="2022-10-20T19:01:45 WEST" skipped="0">
  <testcase classname="files.DynamicJson" name="addBook" time="2.299"/>
  <system-out/>
  <testcase classname="files.DynamicJson" name="addBook" time="0.523"/>
  <system-out/>
  <testcase classname="files.DynamicJson" name="addBook" time="0.537"/>
  <system-out/>
</testsuite> <!-- files.DynamicJson -->
