<?xml version="1.0" encoding="UTF-8"?>
<!-- Generated by org.testng.reporters.JUnitReportReporter -->
<testsuite hostname="DESKTOP-75OHRJU" failures="0" tests="1" name="SumValidation" time="1.263" errors="0" timestamp="2022-10-19T19:00:21 WEST" skipped="0">
  <testcase classname="SumValidation" name="sumOfCourses" time="1.263"/>
  <system-out/>
</testsuite> <!-- SumValidation -->
